# JRE version: OpenJDK Runtime Environment (8.0_212-b04) (build 1.8.0_212-release-1586-b04)
# Java VM: OpenJDK 64-Bit Server VM (25.212-b04 mixed mode windows-amd64 compressed oops)
Heap:
 PSYoungGen      total 48640K, used 14126K [0x00000000e0000000, 0x00000000e3600000, 0x0000000100000000)
  eden space 43008K, 19% used [0x00000000e0000000,0x00000000e084cc58,0x00000000e2a00000)
  from space 5632K, 99% used [0x00000000e2b00000,0x00000000e307ef98,0x00000000e3080000)
  to   space 5120K, 0% used [0x00000000e3100000,0x00000000e3100000,0x00000000e3600000)
 ParOldGen       total 57344K, used 16402K [0x00000000a0000000, 0x00000000a3800000, 0x00000000e0000000)
  object space 57344K, 28% used [0x00000000a0000000,0x00000000a1004860,0x00000000a3800000)
 Metaspace       used 43733K, capacity 44738K, committed 44928K, reserved 1087488K
  class space    used 5904K, capacity 6183K, committed 6272K, reserved 1048576K
GC Heap History (10 events):
Event: 45.008 GC heap before
{Heap before GC invocations=21 (full 1):
 PSYoungGen      total 36864K, used 34097K [0x00000000e0000000, 0x00000000e2f00000, 0x0000000100000000)
  eden space 31232K, 100% used [0x00000000e0000000,0x00000000e1e80000,0x00000000e1e80000)
  from space 5632K, 50% used [0x00000000e1e80000,0x00000000e214c590,0x00000000e2400000)
  to   space 5120K, 0% used [0x00000000e2a00000,0x00000000e2a00000,0x00000000e2f00000)
 ParOldGen       total 34304K, used 12020K [0x00000000a0000000, 0x00000000a2180000, 0x00000000e0000000)
  object space 34304K, 35% used [0x00000000a0000000,0x00000000a0bbd3e0,0x00000000a2180000)
 Metaspace       used 34260K, capacity 34982K, committed 35200K, reserved 1079296K
  class space    used 4706K, capacity 4946K, committed 4992K, reserved 1048576K
Event: 45.016 GC heap after
Heap after GC invocations=21 (full 1):
 PSYoungGen      total 43008K, used 2705K [0x00000000e0000000, 0x00000000e2f00000, 0x0000000100000000)
  eden space 37888K, 0% used [0x00000000e0000000,0x00000000e0000000,0x00000000e2500000)
  from space 5120K, 52% used [0x00000000e2a00000,0x00000000e2ca4658,0x00000000e2f00000)
  to   space 5120K, 0% used [0x00000000e2500000,0x00000000e2500000,0x00000000e2a00000)
 ParOldGen       total 34304K, used 12619K [0x00000000a0000000, 0x00000000a2180000, 0x00000000e0000000)
  object space 34304K, 36% used [0x00000000a0000000,0x00000000a0c52f90,0x00000000a2180000)
 Metaspace       used 34260K, capacity 34982K, committed 35200K, reserved 1079296K
  class space    used 4706K, capacity 4946K, committed 4992K, reserved 1048576K
}
Event: 50.612 GC heap before
{Heap before GC invocations=22 (full 1):
 PSYoungGen      total 43008K, used 19377K [0x00000000e0000000, 0x00000000e2f00000, 0x0000000100000000)
  eden space 37888K, 44% used [0x00000000e0000000,0x00000000e1047f38,0x00000000e2500000)
  from space 5120K, 52% used [0x00000000e2a00000,0x00000000e2ca4658,0x00000000e2f00000)
  to   space 5120K, 0% used [0x00000000e2500000,0x00000000e2500000,0x00000000e2a00000)
 ParOldGen       total 34304K, used 12619K [0x00000000a0000000, 0x00000000a2180000, 0x00000000e0000000)
  object space 34304K, 36% used [0x00000000a0000000,0x00000000a0c52f90,0x00000000a2180000)
 Metaspace       used 34658K, capacity 35412K, committed 35456K, reserved 1079296K
  class space    used 4757K, capacity 4957K, committed 4992K, reserved 1048576K
Event: 50.630 GC heap after
Heap after GC invocations=22 (full 1):
 PSYoungGen      total 43008K, used 2240K [0x00000000e0000000, 0x00000000e3600000, 0x0000000100000000)
  eden space 37888K, 0% used [0x00000000e0000000,0x00000000e0000000,0x00000000e2500000)
  from space 5120K, 43% used [0x00000000e2500000,0x00000000e2730000,0x00000000e2a00000)
  to   space 5120K, 0% used [0x00000000e3100000,0x00000000e3100000,0x00000000e3600000)
 ParOldGen       total 34304K, used 13279K [0x00000000a0000000, 0x00000000a2180000, 0x00000000e0000000)
  object space 34304K, 38% used [0x00000000a0000000,0x00000000a0cf7fb0,0x00000000a2180000)
 Metaspace       used 34658K, capacity 35412K, committed 35456K, reserved 1079296K
  class space    used 4757K, capacity 4957K, committed 4992K, reserved 1048576K
}
Event: 50.631 GC heap before
{Heap before GC invocations=23 (full 2):
 PSYoungGen      total 43008K, used 2240K [0x00000000e0000000, 0x00000000e3600000, 0x0000000100000000)
  eden space 37888K, 0% used [0x00000000e0000000,0x00000000e0000000,0x00000000e2500000)
  from space 5120K, 43% used [0x00000000e2500000,0x00000000e2730000,0x00000000e2a00000)
  to   space 5120K, 0% used [0x00000000e3100000,0x00000000e3100000,0x00000000e3600000)
 ParOldGen       total 34304K, used 13279K [0x00000000a0000000, 0x00000000a2180000, 0x00000000e0000000)
  object space 34304K, 38% used [0x00000000a0000000,0x00000000a0cf7fb0,0x00000000a2180000)
 Metaspace       used 34658K, capacity 35412K, committed 35456K, reserved 1079296K
  class space    used 4757K, capacity 4957K, committed 4992K, reserved 1048576K
Event: 51.025 GC heap after
Heap after GC invocations=23 (full 2):
 PSYoungGen      total 43008K, used 0K [0x00000000e0000000, 0x00000000e3600000, 0x0000000100000000)
  eden space 37888K, 0% used [0x00000000e0000000,0x00000000e0000000,0x00000000e2500000)
  from space 5120K, 0% used [0x00000000e2500000,0x00000000e2500000,0x00000000e2a00000)
  to   space 5120K, 0% used [0x00000000e3100000,0x00000000e3100000,0x00000000e3600000)
 ParOldGen       total 57344K, used 14616K [0x00000000a0000000, 0x00000000a3800000, 0x00000000e0000000)
  object space 57344K, 25% used [0x00000000a0000000,0x00000000a0e46228,0x00000000a3800000)
 Metaspace       used 34658K, capacity 35412K, committed 35456K, reserved 1079296K
  class space    used 4757K, capacity 4957K, committed 4992K, reserved 1048576K
}
Event: 54.887 GC heap before
{Heap before GC invocations=24 (full 2):
 PSYoungGen      total 43008K, used 37888K [0x00000000e0000000, 0x00000000e3600000, 0x0000000100000000)
  eden space 37888K, 100% used [0x00000000e0000000,0x00000000e2500000,0x00000000e2500000)
  from space 5120K, 0% used [0x00000000e2500000,0x00000000e2500000,0x00000000e2a00000)
  to   space 5120K, 0% used [0x00000000e3100000,0x00000000e3100000,0x00000000e3600000)
 ParOldGen       total 57344K, used 14616K [0x00000000a0000000, 0x00000000a3800000, 0x00000000e0000000)
  object space 57344K, 25% used [0x00000000a0000000,0x00000000a0e46228,0x00000000a3800000)
 Metaspace       used 39545K, capacity 40514K, committed 40832K, reserved 1085440K
  class space    used 5384K, capacity 5665K, committed 5760K, reserved 1048576K
Event: 54.901 GC heap after
Heap after GC invocations=24 (full 2):
 PSYoungGen      total 48128K, used 5103K [0x00000000e0000000, 0x00000000e3600000, 0x0000000100000000)
  eden space 43008K, 0% used [0x00000000e0000000,0x00000000e0000000,0x00000000e2a00000)
  from space 5120K, 99% used [0x00000000e3100000,0x00000000e35fbfc8,0x00000000e3600000)
  to   space 5632K, 0% used [0x00000000e2b00000,0x00000000e2b00000,0x00000000e3080000)
 ParOldGen       total 57344K, used 14624K [0x00000000a0000000, 0x00000000a3800000, 0x00000000e0000000)
  object space 57344K, 25% used [0x00000000a0000000,0x00000000a0e48228,0x00000000a3800000)
 Metaspace       used 39545K, capacity 40514K, committed 40832K, reserved 1085440K
  class space    used 5384K, capacity 5665K, committed 5760K, reserved 1048576K
}
Event: 60.624 GC heap before
{Heap before GC invocations=25 (full 2):
 PSYoungGen      total 48128K, used 48111K [0x00000000e0000000, 0x00000000e3600000, 0x0000000100000000)
  eden space 43008K, 100% used [0x00000000e0000000,0x00000000e2a00000,0x00000000e2a00000)
  from space 5120K, 99% used [0x00000000e3100000,0x00000000e35fbfc8,0x00000000e3600000)
  to   space 5632K, 0% used [0x00000000e2b00000,0x00000000e2b00000,0x00000000e3080000)
 ParOldGen       total 57344K, used 14624K [0x00000000a0000000, 0x00000000a3800000, 0x00000000e0000000)
  object space 57344K, 25% used [0x00000000a0000000,0x00000000a0e48228,0x00000000a3800000)
 Metaspace       used 43086K, capacity 44150K, committed 44288K, reserved 1087488K
  class space    used 5824K, capacity 6117K, committed 6144K, reserved 1048576K
Event: 60.644 GC heap after
Heap after GC invocations=25 (full 2):
 PSYoungGen      total 48640K, used 5627K [0x00000000e0000000, 0x00000000e3600000, 0x0000000100000000)
  eden space 43008K, 0% used [0x00000000e0000000,0x00000000e0000000,0x00000000e2a00000)
  from space 5632K, 99% used [0x00000000e2b00000,0x00000000e307ef98,0x00000000e3080000)
  to   space 5120K, 0% used [0x00000000e3100000,0x00000000e3100000,0x00000000e3600000)
 ParOldGen       total 57344K, used 16402K [0x00000000a0000000, 0x00000000a3800000, 0x00000000e0000000)
  object space 57344K, 28% used [0x00000000a0000000,0x00000000a1004860,0x00000000a3800000)
 Metaspace       used 43086K, capacity 44150K, committed 44288K, reserved 1087488K
  class space    used 5824K, capacity 6117K, committed 6144K, reserved 1048576K
}

