# JRE version: OpenJDK Runtime Environment (8.0_212-b04) (build 1.8.0_212-release-1586-b04)
# Java VM: OpenJDK 64-Bit Server VM (25.212-b04 mixed mode windows-amd64 compressed oops)
Heap:
 PSYoungGen      total 198144K, used 46291K [0x00000000e0000000, 0x00000000ece80000, 0x0000000100000000)
  eden space 184832K, 25% used [0x00000000e0000000,0x00000000e2d34d58,0x00000000eb480000)
  from space 13312K, 0% used [0x00000000eb480000,0x00000000eb480000,0x00000000ec180000)
  to   space 10752K, 0% used [0x00000000ec400000,0x00000000ec400000,0x00000000ece80000)
 ParOldGen       total 33280K, used 16452K [0x00000000a0000000, 0x00000000a2080000, 0x00000000e0000000)
  object space 33280K, 49% used [0x00000000a0000000,0x00000000a1011350,0x00000000a2080000)
 Metaspace       used 41972K, capacity 43032K, committed 43136K, reserved 1087488K
  class space    used 5689K, capacity 5966K, committed 6016K, reserved 1048576K
GC Heap History (10 events):
Event: 75.276 GC heap before
{Heap before GC invocations=10 (full 1):
 PSYoungGen      total 137728K, used 129024K [0x00000000e0000000, 0x00000000e9000000, 0x0000000100000000)
  eden space 129024K, 100% used [0x00000000e0000000,0x00000000e7e00000,0x00000000e7e00000)
  from space 8704K, 0% used [0x00000000e8780000,0x00000000e8780000,0x00000000e9000000)
  to   space 9216K, 0% used [0x00000000e7e00000,0x00000000e7e00000,0x00000000e8700000)
 ParOldGen       total 33280K, used 9537K [0x00000000a0000000, 0x00000000a2080000, 0x00000000e0000000)
  object space 33280K, 28% used [0x00000000a0000000,0x00000000a09506d0,0x00000000a2080000)
 Metaspace       used 31926K, capacity 32508K, committed 32768K, reserved 1077248K
  class space    used 4370K, capacity 4559K, committed 4608K, reserved 1048576K
Event: 75.350 GC heap after
Heap after GC invocations=10 (full 1):
 PSYoungGen      total 138240K, used 9189K [0x00000000e0000000, 0x00000000ed000000, 0x0000000100000000)
  eden space 129024K, 0% used [0x00000000e0000000,0x00000000e0000000,0x00000000e7e00000)
  from space 9216K, 99% used [0x00000000e7e00000,0x00000000e86f9568,0x00000000e8700000)
  to   space 12288K, 0% used [0x00000000ec400000,0x00000000ec400000,0x00000000ed000000)
 ParOldGen       total 33280K, used 12948K [0x00000000a0000000, 0x00000000a2080000, 0x00000000e0000000)
  object space 33280K, 38% used [0x00000000a0000000,0x00000000a0ca53a0,0x00000000a2080000)
 Metaspace       used 31926K, capacity 32508K, committed 32768K, reserved 1077248K
  class space    used 4370K, capacity 4559K, committed 4608K, reserved 1048576K
}
Event: 91.935 GC heap before
{Heap before GC invocations=11 (full 1):
 PSYoungGen      total 138240K, used 74064K [0x00000000e0000000, 0x00000000ed000000, 0x0000000100000000)
  eden space 129024K, 50% used [0x00000000e0000000,0x00000000e3f5ab80,0x00000000e7e00000)
  from space 9216K, 99% used [0x00000000e7e00000,0x00000000e86f9568,0x00000000e8700000)
  to   space 12288K, 0% used [0x00000000ec400000,0x00000000ec400000,0x00000000ed000000)
 ParOldGen       total 33280K, used 12948K [0x00000000a0000000, 0x00000000a2080000, 0x00000000e0000000)
  object space 33280K, 38% used [0x00000000a0000000,0x00000000a0ca53a0,0x00000000a2080000)
 Metaspace       used 34634K, capacity 35404K, committed 35456K, reserved 1079296K
  class space    used 4746K, capacity 4957K, committed 4992K, reserved 1048576K
Event: 91.977 GC heap after
Heap after GC invocations=11 (full 1):
 PSYoungGen      total 195584K, used 9947K [0x00000000e0000000, 0x00000000ece80000, 0x0000000100000000)
  eden space 184832K, 0% used [0x00000000e0000000,0x00000000e0000000,0x00000000eb480000)
  from space 10752K, 92% used [0x00000000ec400000,0x00000000ecdb6ca8,0x00000000ece80000)
  to   space 13312K, 0% used [0x00000000eb480000,0x00000000eb480000,0x00000000ec180000)
 ParOldGen       total 33280K, used 12956K [0x00000000a0000000, 0x00000000a2080000, 0x00000000e0000000)
  object space 33280K, 38% used [0x00000000a0000000,0x00000000a0ca73a0,0x00000000a2080000)
 Metaspace       used 34634K, capacity 35404K, committed 35456K, reserved 1079296K
  class space    used 4746K, capacity 4957K, committed 4992K, reserved 1048576K
}
Event: 91.977 GC heap before
{Heap before GC invocations=12 (full 2):
 PSYoungGen      total 195584K, used 9947K [0x00000000e0000000, 0x00000000ece80000, 0x0000000100000000)
  eden space 184832K, 0% used [0x00000000e0000000,0x00000000e0000000,0x00000000eb480000)
  from space 10752K, 92% used [0x00000000ec400000,0x00000000ecdb6ca8,0x00000000ece80000)
  to   space 13312K, 0% used [0x00000000eb480000,0x00000000eb480000,0x00000000ec180000)
 ParOldGen       total 33280K, used 12956K [0x00000000a0000000, 0x00000000a2080000, 0x00000000e0000000)
  object space 33280K, 38% used [0x00000000a0000000,0x00000000a0ca73a0,0x00000000a2080000)
 Metaspace       used 34634K, capacity 35404K, committed 35456K, reserved 1079296K
  class space    used 4746K, capacity 4957K, committed 4992K, reserved 1048576K
Event: 92.417 GC heap after
Heap after GC invocations=12 (full 2):
 PSYoungGen      total 195584K, used 0K [0x00000000e0000000, 0x00000000ece80000, 0x0000000100000000)
  eden space 184832K, 0% used [0x00000000e0000000,0x00000000e0000000,0x00000000eb480000)
  from space 10752K, 0% used [0x00000000ec400000,0x00000000ec400000,0x00000000ece80000)
  to   space 13312K, 0% used [0x00000000eb480000,0x00000000eb480000,0x00000000ec180000)
 ParOldGen       total 33280K, used 16666K [0x00000000a0000000, 0x00000000a2080000, 0x00000000e0000000)
  object space 33280K, 50% used [0x00000000a0000000,0x00000000a1046890,0x00000000a2080000)
 Metaspace       used 34634K, capacity 35404K, committed 35456K, reserved 1079296K
  class space    used 4746K, capacity 4957K, committed 4992K, reserved 1048576K
}
Event: 97.381 GC heap before
{Heap before GC invocations=13 (full 2):
 PSYoungGen      total 195584K, used 21761K [0x00000000e0000000, 0x00000000ece80000, 0x0000000100000000)
  eden space 184832K, 11% used [0x00000000e0000000,0x00000000e15406a0,0x00000000eb480000)
  from space 10752K, 0% used [0x00000000ec400000,0x00000000ec400000,0x00000000ece80000)
  to   space 13312K, 0% used [0x00000000eb480000,0x00000000eb480000,0x00000000ec180000)
 ParOldGen       total 33280K, used 16666K [0x00000000a0000000, 0x00000000a2080000, 0x00000000e0000000)
  object space 33280K, 50% used [0x00000000a0000000,0x00000000a1046890,0x00000000a2080000)
 Metaspace       used 36558K, capacity 37466K, committed 37632K, reserved 1085440K
  class space    used 5002K, capacity 5250K, committed 5376K, reserved 1048576K
Event: 97.395 GC heap after
Heap after GC invocations=13 (full 2):
 PSYoungGen      total 198144K, used 2443K [0x00000000e0000000, 0x00000000ece80000, 0x0000000100000000)
  eden space 184832K, 0% used [0x00000000e0000000,0x00000000e0000000,0x00000000eb480000)
  from space 13312K, 18% used [0x00000000eb480000,0x00000000eb6e2ca8,0x00000000ec180000)
  to   space 10752K, 0% used [0x00000000ec400000,0x00000000ec400000,0x00000000ece80000)
 ParOldGen       total 33280K, used 16674K [0x00000000a0000000, 0x00000000a2080000, 0x00000000e0000000)
  object space 33280K, 50% used [0x00000000a0000000,0x00000000a1048890,0x00000000a2080000)
 Metaspace       used 36558K, capacity 37466K, committed 37632K, reserved 1085440K
  class space    used 5002K, capacity 5250K, committed 5376K, reserved 1048576K
}
Event: 97.395 GC heap before
{Heap before GC invocations=14 (full 3):
 PSYoungGen      total 198144K, used 2443K [0x00000000e0000000, 0x00000000ece80000, 0x0000000100000000)
  eden space 184832K, 0% used [0x00000000e0000000,0x00000000e0000000,0x00000000eb480000)
  from space 13312K, 18% used [0x00000000eb480000,0x00000000eb6e2ca8,0x00000000ec180000)
  to   space 10752K, 0% used [0x00000000ec400000,0x00000000ec400000,0x00000000ece80000)
 ParOldGen       total 33280K, used 16674K [0x00000000a0000000, 0x00000000a2080000, 0x00000000e0000000)
  object space 33280K, 50% used [0x00000000a0000000,0x00000000a1048890,0x00000000a2080000)
 Metaspace       used 36558K, capacity 37466K, committed 37632K, reserved 1085440K
  class space    used 5002K, capacity 5250K, committed 5376K, reserved 1048576K
Event: 98.131 GC heap after
Heap after GC invocations=14 (full 3):
 PSYoungGen      total 198144K, used 0K [0x00000000e0000000, 0x00000000ece80000, 0x0000000100000000)
  eden space 184832K, 0% used [0x00000000e0000000,0x00000000e0000000,0x00000000eb480000)
  from space 13312K, 0% used [0x00000000eb480000,0x00000000eb480000,0x00000000ec180000)
  to   space 10752K, 0% used [0x00000000ec400000,0x00000000ec400000,0x00000000ece80000)
 ParOldGen       total 33280K, used 16452K [0x00000000a0000000, 0x00000000a2080000, 0x00000000e0000000)
  object space 33280K, 49% used [0x00000000a0000000,0x00000000a1011350,0x00000000a2080000)
 Metaspace       used 36558K, capacity 37466K, committed 37632K, reserved 1083392K
  class space    used 5002K, capacity 5250K, committed 5376K, reserved 1048576K
}

